<?xml version="1.0" encoding="UTF-8"?>
<!-- Generated by org.testng.reporters.JUnitReportReporter -->
<testsuite hostname="Venkatesan" failures="0" tests="1" name="Test.onetest" time="9.306" errors="0" timestamp="2024-08-28T12:44:09 IST" skipped="0">
  <testcase classname="Test.onetest" name="launchrome" time="9.306"/>
</testsuite> <!-- Test.onetest -->
