<?xml version="1.0" encoding="UTF-8"?>
<!-- Generated by org.testng.reporters.JUnitReportReporter -->
<testsuite hostname="Venkatesan" failures="0" tests="2" name="Test.Login_dataprovider" time="22.685" errors="0" timestamp="2024-08-28T12:49:53 IST" skipped="0">
  <testcase classname="Test.Login_dataprovider" name="login" time="11.823"/>
  <testcase classname="Test.Login_dataprovider" name="login" time="10.862"/>
</testsuite> <!-- Test.Login_dataprovider -->
