<?xml version="1.0" encoding="UTF-8"?>
<!-- Generated by org.testng.reporters.JUnitReportReporter -->
<testsuite hostname="Venkatesan" failures="0" tests="12" name="Random" time="5.249" errors="0" timestamp="2024-09-22T14:11:17 IST" skipped="11">
  <testcase classname="Random" name="tablecheck2" time="5.249"/>
  <testcase classname="Random" name="webinputs">
    <skipped/>
  </testcase> <!-- webinputs -->
  <testcase classname="Random" name="dynamictablecheck">
    <skipped/>
  </testcase> <!-- dynamictablecheck -->
  <testcase classname="Random" name="javascriptdialog">
    <skipped/>
  </testcase> <!-- javascriptdialog -->
  <testcase classname="Random" name="autocompletetest">
    <skipped/>
  </testcase> <!-- autocompletetest -->
  <testcase classname="Random" name="radio_click">
    <skipped/>
  </testcase> <!-- radio_click -->
  <testcase classname="Random" name="login">
    <skipped/>
  </testcase> <!-- login -->
  <testcase classname="Random" name="contextclick">
    <skipped/>
  </testcase> <!-- contextclick -->
  <testcase classname="Random" name="handlewin">
    <skipped/>
  </testcase> <!-- handlewin -->
  <testcase classname="Random" name="learnassert">
    <skipped/>
  </testcase> <!-- learnassert -->
  <testcase classname="Random" name="dynamicload">
    <skipped/>
  </testcase> <!-- dynamicload -->
  <testcase classname="Random" name="list">
    <skipped/>
  </testcase> <!-- list -->
</testsuite> <!-- Random -->
