<?xml version="1.0" encoding="UTF-8"?>
<!-- Generated by org.testng.reporters.JUnitReportReporter -->
<testsuite hostname="Venkatesan" failures="0" tests="2" name="Test.verifylogin_1209" time="4.458" errors="0" timestamp="2024-09-12T11:34:30 IST" skipped="0">
  <testcase classname="Test.verifylogin_1209" name="logintest" time="1.939"/>
  <testcase classname="Test.verifylogin_1209" name="logintest" time="2.519"/>
</testsuite> <!-- Test.verifylogin_1209 -->
