<?xml version="1.0" encoding="UTF-8"?>
<!-- Generated by org.testng.reporters.JUnitReportReporter -->
<testsuite hostname="Venkatesan" failures="0" tests="2" name="Test.LoginHRM" time="17.880" errors="0" timestamp="2024-09-05T17:57:37 IST" skipped="0">
  <testcase classname="Test.LoginHRM" name="logintest" time="10.401"/>
  <testcase classname="Test.LoginHRM" name="logintest" time="7.479"/>
</testsuite> <!-- Test.LoginHRM -->
