<?xml version="1.0" encoding="UTF-8"?>
<!-- Generated by org.testng.reporters.JUnitReportReporter -->
<testsuite hostname="Venkatesan" failures="0" tests="2" name="Test.LoginHRM" time="18.036" errors="0" timestamp="2024-09-09T13:44:51 IST" skipped="0">
  <testcase classname="Test.LoginHRM" name="logintest" time="10.684"/>
  <testcase classname="Test.LoginHRM" name="logintest" time="7.352"/>
</testsuite> <!-- Test.LoginHRM -->
