<?xml version="1.0" encoding="UTF-8"?>
<!-- Generated by org.testng.reporters.JUnitReportReporter -->
<testsuite hostname="Venkatesan" failures="0" tests="2" name="Test.LoginHRM" time="16.713" errors="0" timestamp="2024-09-11T12:56:31 IST" skipped="0">
  <testcase classname="Test.LoginHRM" name="logintest" time="7.346"/>
  <testcase classname="Test.LoginHRM" name="logintest" time="9.367"/>
</testsuite> <!-- Test.LoginHRM -->
